2023-01-15 23:27:55.193 [info] Log level: Info
2023-01-15 23:27:55.193 [info] Validating found git in: "git"
2023-01-15 23:27:55.193 [info] Using git "2.34.1" from "git"
2023-01-15 23:27:59.786 [info] > git rev-parse --show-toplevel [76ms]
2023-01-15 23:27:59.790 [info] > git rev-parse --git-dir --git-common-dir [1ms]
2023-01-15 23:27:59.796 [info] Open repository: /home/robert/first_folder
2023-01-15 23:27:59.804 [info] > git config --get commit.template [1ms]
2023-01-15 23:27:59.809 [info] > git for-each-ref --format=%(refname)%00%(upstream:short)%00%(objectname)%00%(upstream:track)%00%(upstream:remotename)%00%(upstream:remoteref) refs/heads/main refs/remotes/main [1ms]
2023-01-15 23:27:59.818 [info] > git status -z -uall [5ms]
2023-01-15 23:27:59.818 [info] > git for-each-ref --sort -committerdate --format %(refname) %(objectname) %(*objectname) [2ms]
2023-01-15 23:27:59.864 [info] > git config --get commit.template [4ms]
2023-01-15 23:27:59.869 [info] > git for-each-ref --format=%(refname)%00%(upstream:short)%00%(objectname)%00%(upstream:track)%00%(upstream:remotename)%00%(upstream:remoteref) refs/heads/main refs/remotes/main [1ms]
2023-01-15 23:27:59.876 [info] > git status -z -uall [3ms]
2023-01-15 23:27:59.877 [info] > git for-each-ref --sort -committerdate --format %(refname) %(objectname) %(*objectname) [1ms]
2023-01-15 23:28:00.117 [info] > git show --textconv :prac.html [4ms]
2023-01-15 23:28:00.118 [info] > git ls-files --stage -- /home/robert/first_folder/prac.html [1ms]
2023-01-15 23:28:00.121 [info] > git cat-file -s 448ad9e0fa403cc3988c71ce3faa6d538fbbdc5a [1ms]
2023-01-15 23:28:00.365 [info] > git check-ignore -v -z --stdin [1ms]
2023-01-15 23:28:08.106 [info] > git show --textconv :prac.css [4ms]
2023-01-15 23:28:08.107 [info] > git ls-files --stage -- /home/robert/first_folder/prac.css [2ms]
2023-01-15 23:28:08.111 [info] > git cat-file -s 85e8f02f2198b9a09a24380ce3c555fe8d585f19 [1ms]
2023-01-15 23:28:08.381 [info] > git check-ignore -v -z --stdin [1ms]
2023-01-15 23:28:27.380 [info] > git show --textconv :j.html [2ms]
2023-01-15 23:28:27.380 [info] > git ls-files --stage -- /home/robert/first_folder/j.html [1ms]
2023-01-15 23:28:27.383 [info] > git cat-file -s 448ad9e0fa403cc3988c71ce3faa6d538fbbdc5a [1ms]
2023-01-15 23:28:27.638 [info] > git check-ignore -v -z --stdin [0ms]
2023-01-15 23:30:44.702 [info] > git config --get commit.template [4ms]
2023-01-15 23:30:44.703 [info] > git for-each-ref --format=%(refname)%00%(upstream:short)%00%(objectname)%00%(upstream:track)%00%(upstream:remotename)%00%(upstream:remoteref) refs/heads/main refs/remotes/main [2ms]
2023-01-15 23:30:44.709 [info] > git status -z -uall [3ms]
2023-01-15 23:30:44.710 [info] > git for-each-ref --sort -committerdate --format %(refname) %(objectname) %(*objectname) [1ms]
2023-01-15 23:30:44.731 [info] > git ls-files --stage -- /home/robert/first_folder/prac.css [4ms]
2023-01-15 23:30:44.734 [info] > git ls-files --stage -- /home/robert/first_folder/prac.html [10ms]
2023-01-15 23:30:44.738 [info] > git cat-file -s 85e8f02f2198b9a09a24380ce3c555fe8d585f19 [4ms]
2023-01-15 23:30:44.738 [info] > git ls-files --stage -- /home/robert/first_folder/j.html [8ms]
2023-01-15 23:30:44.742 [info] > git cat-file -s 448ad9e0fa403cc3988c71ce3faa6d538fbbdc5a [5ms]
2023-01-15 23:30:44.743 [info] > git cat-file -s 448ad9e0fa403cc3988c71ce3faa6d538fbbdc5a [1ms]
2023-01-15 23:30:44.757 [info] > git show --textconv :prac.css [7ms]
2023-01-15 23:30:44.757 [info] > git show --textconv :prac.html [3ms]
2023-01-15 23:30:44.757 [info] > git show --textconv :j.html [1ms]
