2023-01-15 22:19:17.372 [info] Log level: Info
2023-01-15 22:19:17.372 [info] Validating found git in: "git"
2023-01-15 22:19:17.372 [info] Using git "2.34.1" from "git"
2023-01-15 22:19:17.372 [info] > git rev-parse --show-toplevel [3ms]
2023-01-15 22:19:17.373 [info] > git rev-parse --git-dir --git-common-dir [2ms]
2023-01-15 22:19:17.373 [info] Open repository: /home/robert
2023-01-15 22:19:17.373 [info] > git config --get commit.template [4ms]
2023-01-15 22:19:17.373 [info] > git for-each-ref --format=%(refname)%00%(upstream:short)%00%(objectname)%00%(upstream:track)%00%(upstream:remotename)%00%(upstream:remoteref) refs/heads/add-first refs/remotes/add-first [2ms]
2023-01-15 22:19:17.373 [info] > git for-each-ref --sort -committerdate --format %(refname) %(objectname) %(*objectname) [4ms]
2023-01-15 22:19:17.373 [info] > git status -z -uall [14ms]
2023-01-15 22:19:17.373 [info] > git config --get commit.template [3ms]
2023-01-15 22:19:17.373 [info] > git for-each-ref --format=%(refname)%00%(upstream:short)%00%(objectname)%00%(upstream:track)%00%(upstream:remotename)%00%(upstream:remoteref) refs/heads/add-first refs/remotes/add-first [0ms]
2023-01-15 22:19:17.373 [info] > git for-each-ref --sort -committerdate --format %(refname) %(objectname) %(*objectname) [1ms]
2023-01-15 22:19:17.374 [info] > git status -z -uall [11ms]
2023-01-15 22:19:17.818 [info] > git check-ignore -v -z --stdin [1ms]
2023-01-15 22:19:20.601 [info] > git show --textconv :first_folder/prac.css [6ms]
2023-01-15 22:19:20.601 [info] > git ls-files --stage -- /home/robert/first_folder/prac.css [3ms]
2023-01-15 22:19:24.057 [info] > git config --get commit.template [4ms]
2023-01-15 22:19:24.058 [info] > git for-each-ref --format=%(refname)%00%(upstream:short)%00%(objectname)%00%(upstream:track)%00%(upstream:remotename)%00%(upstream:remoteref) refs/heads/add-first refs/remotes/add-first [1ms]
2023-01-15 22:19:24.066 [info] > git for-each-ref --sort -committerdate --format %(refname) %(objectname) %(*objectname) [0ms]
2023-01-15 22:19:24.072 [info] > git status -z -uall [12ms]
2023-01-15 22:19:29.091 [info] > git config --get commit.template [0ms]
2023-01-15 22:19:29.094 [info] > git for-each-ref --format=%(refname)%00%(upstream:short)%00%(objectname)%00%(upstream:track)%00%(upstream:remotename)%00%(upstream:remoteref) refs/heads/add-first refs/remotes/add-first [1ms]
2023-01-15 22:19:29.101 [info] > git for-each-ref --sort -committerdate --format %(refname) %(objectname) %(*objectname) [1ms]
2023-01-15 22:19:29.105 [info] > git status -z -uall [7ms]
2023-01-15 22:19:57.103 [info] > git config --get commit.template [4ms]
2023-01-15 22:19:57.104 [info] > git for-each-ref --format=%(refname)%00%(upstream:short)%00%(objectname)%00%(upstream:track)%00%(upstream:remotename)%00%(upstream:remoteref) refs/heads/add-first refs/remotes/add-first [2ms]
2023-01-15 22:19:57.110 [info] > git for-each-ref --sort -committerdate --format %(refname) %(objectname) %(*objectname) [0ms]
2023-01-15 22:19:57.118 [info] > git status -z -uall [11ms]
2023-01-15 22:20:02.145 [info] > git config --get commit.template [1ms]
2023-01-15 22:20:02.148 [info] > git for-each-ref --format=%(refname)%00%(upstream:short)%00%(objectname)%00%(upstream:track)%00%(upstream:remotename)%00%(upstream:remoteref) refs/heads/add-first refs/remotes/add-first [0ms]
2023-01-15 22:20:02.154 [info] > git for-each-ref --sort -committerdate --format %(refname) %(objectname) %(*objectname) [1ms]
2023-01-15 22:20:02.157 [info] > git status -z -uall [6ms]
2023-01-15 22:20:09.430 [info] > git config --get commit.template [1ms]
2023-01-15 22:20:09.436 [info] > git for-each-ref --format=%(refname)%00%(upstream:short)%00%(objectname)%00%(upstream:track)%00%(upstream:remotename)%00%(upstream:remoteref) refs/heads/add-first refs/remotes/add-first [1ms]
2023-01-15 22:20:09.445 [info] > git for-each-ref --sort -committerdate --format %(refname) %(objectname) %(*objectname) [1ms]
2023-01-15 22:20:09.448 [info] > git status -z -uall [7ms]
2023-01-15 22:20:24.096 [info] > git check-ignore -v -z --stdin [0ms]
2023-01-15 22:20:29.080 [info] > git config --get commit.template [2ms]
2023-01-15 22:20:29.087 [info] > git for-each-ref --format=%(refname)%00%(upstream:short)%00%(objectname)%00%(upstream:track)%00%(upstream:remotename)%00%(upstream:remoteref) refs/heads/add-first refs/remotes/add-first [0ms]
2023-01-15 22:20:29.093 [info] > git for-each-ref --sort -committerdate --format %(refname) %(objectname) %(*objectname) [1ms]
2023-01-15 22:20:29.099 [info] > git status -z -uall [9ms]
2023-01-15 22:20:34.116 [info] > git config --get commit.template [1ms]
2023-01-15 22:20:34.120 [info] > git for-each-ref --format=%(refname)%00%(upstream:short)%00%(objectname)%00%(upstream:track)%00%(upstream:remotename)%00%(upstream:remoteref) refs/heads/add-first refs/remotes/add-first [1ms]
2023-01-15 22:20:34.125 [info] > git for-each-ref --sort -committerdate --format %(refname) %(objectname) %(*objectname) [0ms]
2023-01-15 22:20:34.129 [info] > git status -z -uall [7ms]
2023-01-15 22:20:36.951 [info] > git show --textconv :first_folder/prac.html [4ms]
2023-01-15 22:20:36.951 [info] > git ls-files --stage -- /home/robert/first_folder/prac.html [1ms]
2023-01-15 22:20:41.068 [info] > git config --get commit.template [4ms]
2023-01-15 22:20:41.069 [info] > git for-each-ref --format=%(refname)%00%(upstream:short)%00%(objectname)%00%(upstream:track)%00%(upstream:remotename)%00%(upstream:remoteref) refs/heads/add-first refs/remotes/add-first [1ms]
2023-01-15 22:20:41.074 [info] > git for-each-ref --sort -committerdate --format %(refname) %(objectname) %(*objectname) [1ms]
2023-01-15 22:20:41.077 [info] > git status -z -uall [6ms]
2023-01-15 22:20:46.097 [info] > git config --get commit.template [1ms]
2023-01-15 22:20:46.101 [info] > git for-each-ref --format=%(refname)%00%(upstream:short)%00%(objectname)%00%(upstream:track)%00%(upstream:remotename)%00%(upstream:remoteref) refs/heads/add-first refs/remotes/add-first [1ms]
2023-01-15 22:20:46.107 [info] > git for-each-ref --sort -committerdate --format %(refname) %(objectname) %(*objectname) [1ms]
2023-01-15 22:20:46.110 [info] > git status -z -uall [6ms]
2023-01-15 22:21:00.407 [info] > git config --get commit.template [4ms]
2023-01-15 22:21:00.408 [info] > git for-each-ref --format=%(refname)%00%(upstream:short)%00%(objectname)%00%(upstream:track)%00%(upstream:remotename)%00%(upstream:remoteref) refs/heads/add-first refs/remotes/add-first [1ms]
2023-01-15 22:21:00.415 [info] > git for-each-ref --sort -committerdate --format %(refname) %(objectname) %(*objectname) [1ms]
2023-01-15 22:21:00.418 [info] > git status -z -uall [7ms]
2023-01-15 22:21:05.440 [info] > git config --get commit.template [1ms]
2023-01-15 22:21:05.444 [info] > git for-each-ref --format=%(refname)%00%(upstream:short)%00%(objectname)%00%(upstream:track)%00%(upstream:remotename)%00%(upstream:remoteref) refs/heads/add-first refs/remotes/add-first [0ms]
2023-01-15 22:21:05.449 [info] > git for-each-ref --sort -committerdate --format %(refname) %(objectname) %(*objectname) [1ms]
2023-01-15 22:21:05.452 [info] > git status -z -uall [6ms]
2023-01-15 22:21:10.471 [info] > git config --get commit.template [1ms]
2023-01-15 22:21:10.475 [info] > git for-each-ref --format=%(refname)%00%(upstream:short)%00%(objectname)%00%(upstream:track)%00%(upstream:remotename)%00%(upstream:remoteref) refs/heads/add-first refs/remotes/add-first [1ms]
2023-01-15 22:21:10.481 [info] > git for-each-ref --sort -committerdate --format %(refname) %(objectname) %(*objectname) [1ms]
2023-01-15 22:21:10.484 [info] > git status -z -uall [7ms]
2023-01-15 22:21:15.503 [info] > git config --get commit.template [4ms]
2023-01-15 22:21:15.503 [info] > git for-each-ref --format=%(refname)%00%(upstream:short)%00%(objectname)%00%(upstream:track)%00%(upstream:remotename)%00%(upstream:remoteref) refs/heads/add-first refs/remotes/add-first [1ms]
2023-01-15 22:21:15.509 [info] > git for-each-ref --sort -committerdate --format %(refname) %(objectname) %(*objectname) [0ms]
2023-01-15 22:21:15.512 [info] > git status -z -uall [6ms]
2023-01-15 22:21:20.533 [info] > git config --get commit.template [4ms]
2023-01-15 22:21:20.534 [info] > git for-each-ref --format=%(refname)%00%(upstream:short)%00%(objectname)%00%(upstream:track)%00%(upstream:remotename)%00%(upstream:remoteref) refs/heads/add-first refs/remotes/add-first [1ms]
2023-01-15 22:21:20.541 [info] > git for-each-ref --sort -committerdate --format %(refname) %(objectname) %(*objectname) [1ms]
2023-01-15 22:21:20.543 [info] > git status -z -uall [6ms]
2023-01-15 22:21:25.562 [info] > git config --get commit.template [4ms]
2023-01-15 22:21:25.563 [info] > git for-each-ref --format=%(refname)%00%(upstream:short)%00%(objectname)%00%(upstream:track)%00%(upstream:remotename)%00%(upstream:remoteref) refs/heads/add-first refs/remotes/add-first [1ms]
2023-01-15 22:21:25.569 [info] > git for-each-ref --sort -committerdate --format %(refname) %(objectname) %(*objectname) [0ms]
2023-01-15 22:21:25.573 [info] > git status -z -uall [7ms]
2023-01-15 22:21:30.591 [info] > git config --get commit.template [3ms]
2023-01-15 22:21:30.592 [info] > git for-each-ref --format=%(refname)%00%(upstream:short)%00%(objectname)%00%(upstream:track)%00%(upstream:remotename)%00%(upstream:remoteref) refs/heads/add-first refs/remotes/add-first [1ms]
2023-01-15 22:21:30.600 [info] > git for-each-ref --sort -committerdate --format %(refname) %(objectname) %(*objectname) [1ms]
2023-01-15 22:21:30.602 [info] > git status -z -uall [6ms]
2023-01-15 22:21:35.617 [info] > git config --get commit.template [1ms]
2023-01-15 22:21:35.621 [info] > git for-each-ref --format=%(refname)%00%(upstream:short)%00%(objectname)%00%(upstream:track)%00%(upstream:remotename)%00%(upstream:remoteref) refs/heads/add-first refs/remotes/add-first [1ms]
2023-01-15 22:21:35.627 [info] > git for-each-ref --sort -committerdate --format %(refname) %(objectname) %(*objectname) [0ms]
2023-01-15 22:21:35.630 [info] > git status -z -uall [6ms]
2023-01-15 22:21:40.650 [info] > git config --get commit.template [4ms]
2023-01-15 22:21:40.650 [info] > git for-each-ref --format=%(refname)%00%(upstream:short)%00%(objectname)%00%(upstream:track)%00%(upstream:remotename)%00%(upstream:remoteref) refs/heads/add-first refs/remotes/add-first [0ms]
2023-01-15 22:21:40.657 [info] > git for-each-ref --sort -committerdate --format %(refname) %(objectname) %(*objectname) [1ms]
2023-01-15 22:21:40.660 [info] > git status -z -uall [7ms]
2023-01-15 22:21:45.674 [info] > git config --get commit.template [0ms]
2023-01-15 22:21:45.677 [info] > git for-each-ref --format=%(refname)%00%(upstream:short)%00%(objectname)%00%(upstream:track)%00%(upstream:remotename)%00%(upstream:remoteref) refs/heads/add-first refs/remotes/add-first [0ms]
2023-01-15 22:21:45.684 [info] > git for-each-ref --sort -committerdate --format %(refname) %(objectname) %(*objectname) [1ms]
2023-01-15 22:21:45.687 [info] > git status -z -uall [6ms]
2023-01-15 22:21:50.706 [info] > git config --get commit.template [3ms]
2023-01-15 22:21:50.707 [info] > git for-each-ref --format=%(refname)%00%(upstream:short)%00%(objectname)%00%(upstream:track)%00%(upstream:remotename)%00%(upstream:remoteref) refs/heads/add-first refs/remotes/add-first [1ms]
2023-01-15 22:21:50.713 [info] > git for-each-ref --sort -committerdate --format %(refname) %(objectname) %(*objectname) [0ms]
2023-01-15 22:21:50.716 [info] > git status -z -uall [7ms]
2023-01-15 22:21:55.733 [info] > git config --get commit.template [0ms]
2023-01-15 22:21:55.737 [info] > git for-each-ref --format=%(refname)%00%(upstream:short)%00%(objectname)%00%(upstream:track)%00%(upstream:remotename)%00%(upstream:remoteref) refs/heads/add-first refs/remotes/add-first [1ms]
2023-01-15 22:21:55.743 [info] > git for-each-ref --sort -committerdate --format %(refname) %(objectname) %(*objectname) [0ms]
2023-01-15 22:21:55.746 [info] > git status -z -uall [7ms]
2023-01-15 22:22:00.770 [info] > git config --get commit.template [3ms]
2023-01-15 22:22:00.771 [info] > git for-each-ref --format=%(refname)%00%(upstream:short)%00%(objectname)%00%(upstream:track)%00%(upstream:remotename)%00%(upstream:remoteref) refs/heads/add-first refs/remotes/add-first [1ms]
2023-01-15 22:22:00.776 [info] > git for-each-ref --sort -committerdate --format %(refname) %(objectname) %(*objectname) [0ms]
2023-01-15 22:22:00.780 [info] > git status -z -uall [7ms]
2023-01-15 22:22:05.804 [info] > git config --get commit.template [3ms]
2023-01-15 22:22:05.805 [info] > git for-each-ref --format=%(refname)%00%(upstream:short)%00%(objectname)%00%(upstream:track)%00%(upstream:remotename)%00%(upstream:remoteref) refs/heads/add-first refs/remotes/add-first [1ms]
2023-01-15 22:22:05.812 [info] > git for-each-ref --sort -committerdate --format %(refname) %(objectname) %(*objectname) [1ms]
2023-01-15 22:22:05.816 [info] > git status -z -uall [8ms]
2023-01-15 22:22:10.836 [info] > git config --get commit.template [3ms]
2023-01-15 22:22:10.836 [info] > git for-each-ref --format=%(refname)%00%(upstream:short)%00%(objectname)%00%(upstream:track)%00%(upstream:remotename)%00%(upstream:remoteref) refs/heads/add-first refs/remotes/add-first [1ms]
2023-01-15 22:22:10.841 [info] > git for-each-ref --sort -committerdate --format %(refname) %(objectname) %(*objectname) [0ms]
2023-01-15 22:22:10.845 [info] > git status -z -uall [7ms]
2023-01-15 22:22:17.487 [info] > git config --get commit.template [5ms]
2023-01-15 22:22:17.487 [info] > git for-each-ref --format=%(refname)%00%(upstream:short)%00%(objectname)%00%(upstream:track)%00%(upstream:remotename)%00%(upstream:remoteref) refs/heads/add-first refs/remotes/add-first [1ms]
2023-01-15 22:22:17.493 [info] > git for-each-ref --sort -committerdate --format %(refname) %(objectname) %(*objectname) [0ms]
2023-01-15 22:22:17.497 [info] > git status -z -uall [7ms]
2023-01-15 22:22:32.809 [info] > git config --get commit.template [0ms]
2023-01-15 22:22:32.814 [info] > git for-each-ref --format=%(refname)%00%(upstream:short)%00%(objectname)%00%(upstream:track)%00%(upstream:remotename)%00%(upstream:remoteref) refs/heads/add-first refs/remotes/add-first [1ms]
2023-01-15 22:22:32.821 [info] > git for-each-ref --sort -committerdate --format %(refname) %(objectname) %(*objectname) [1ms]
2023-01-15 22:22:32.825 [info] > git status -z -uall [8ms]
2023-01-15 22:22:37.848 [info] > git config --get commit.template [1ms]
2023-01-15 22:22:37.851 [info] > git for-each-ref --format=%(refname)%00%(upstream:short)%00%(objectname)%00%(upstream:track)%00%(upstream:remotename)%00%(upstream:remoteref) refs/heads/add-first refs/remotes/add-first [1ms]
2023-01-15 22:22:37.856 [info] > git for-each-ref --sort -committerdate --format %(refname) %(objectname) %(*objectname) [1ms]
2023-01-15 22:22:37.860 [info] > git status -z -uall [7ms]
2023-01-15 22:22:42.881 [info] > git config --get commit.template [1ms]
2023-01-15 22:22:42.884 [info] > git for-each-ref --format=%(refname)%00%(upstream:short)%00%(objectname)%00%(upstream:track)%00%(upstream:remotename)%00%(upstream:remoteref) refs/heads/add-first refs/remotes/add-first [1ms]
2023-01-15 22:22:42.889 [info] > git for-each-ref --sort -committerdate --format %(refname) %(objectname) %(*objectname) [1ms]
2023-01-15 22:22:42.893 [info] > git status -z -uall [7ms]
2023-01-15 22:22:49.423 [info] > git config --get commit.template [0ms]
2023-01-15 22:22:49.426 [info] > git for-each-ref --format=%(refname)%00%(upstream:short)%00%(objectname)%00%(upstream:track)%00%(upstream:remotename)%00%(upstream:remoteref) refs/heads/add-first refs/remotes/add-first [1ms]
2023-01-15 22:22:49.434 [info] > git for-each-ref --sort -committerdate --format %(refname) %(objectname) %(*objectname) [0ms]
2023-01-15 22:22:49.437 [info] > git status -z -uall [6ms]
2023-01-15 22:23:10.490 [info] > git config --get commit.template [5ms]
2023-01-15 22:23:10.490 [info] > git for-each-ref --format=%(refname)%00%(upstream:short)%00%(objectname)%00%(upstream:track)%00%(upstream:remotename)%00%(upstream:remoteref) refs/heads/add-first refs/remotes/add-first [0ms]
2023-01-15 22:23:10.499 [info] > git for-each-ref --sort -committerdate --format %(refname) %(objectname) %(*objectname) [1ms]
2023-01-15 22:23:10.501 [info] > git status -z -uall [7ms]
2023-01-15 22:23:15.526 [info] > git config --get commit.template [3ms]
2023-01-15 22:23:15.527 [info] > git for-each-ref --format=%(refname)%00%(upstream:short)%00%(objectname)%00%(upstream:track)%00%(upstream:remotename)%00%(upstream:remoteref) refs/heads/add-first refs/remotes/add-first [1ms]
2023-01-15 22:23:15.534 [info] > git for-each-ref --sort -committerdate --format %(refname) %(objectname) %(*objectname) [1ms]
2023-01-15 22:23:15.537 [info] > git status -z -uall [6ms]
2023-01-15 22:23:20.557 [info] > git config --get commit.template [3ms]
2023-01-15 22:23:20.557 [info] > git for-each-ref --format=%(refname)%00%(upstream:short)%00%(objectname)%00%(upstream:track)%00%(upstream:remotename)%00%(upstream:remoteref) refs/heads/add-first refs/remotes/add-first [0ms]
2023-01-15 22:23:20.564 [info] > git for-each-ref --sort -committerdate --format %(refname) %(objectname) %(*objectname) [0ms]
2023-01-15 22:23:20.567 [info] > git status -z -uall [7ms]
2023-01-15 22:23:25.587 [info] > git config --get commit.template [3ms]
2023-01-15 22:23:25.588 [info] > git for-each-ref --format=%(refname)%00%(upstream:short)%00%(objectname)%00%(upstream:track)%00%(upstream:remotename)%00%(upstream:remoteref) refs/heads/add-first refs/remotes/add-first [1ms]
2023-01-15 22:23:25.593 [info] > git for-each-ref --sort -committerdate --format %(refname) %(objectname) %(*objectname) [1ms]
2023-01-15 22:23:25.596 [info] > git status -z -uall [6ms]
2023-01-15 22:23:30.613 [info] > git config --get commit.template [0ms]
2023-01-15 22:23:30.616 [info] > git for-each-ref --format=%(refname)%00%(upstream:short)%00%(objectname)%00%(upstream:track)%00%(upstream:remotename)%00%(upstream:remoteref) refs/heads/add-first refs/remotes/add-first [1ms]
2023-01-15 22:23:30.622 [info] > git for-each-ref --sort -committerdate --format %(refname) %(objectname) %(*objectname) [0ms]
2023-01-15 22:23:30.624 [info] > git status -z -uall [5ms]
2023-01-15 22:27:35.472 [info] > git ls-files --stage -- /home/robert/first_folder/prac.html [1ms]
2023-01-15 22:27:35.473 [info] > git ls-files --stage -- /home/robert/first_folder/prac.css [5ms]
2023-01-15 22:27:35.477 [info] > git config --get commit.template [16ms]
2023-01-15 22:27:35.487 [info] > git cat-file -s 85e8f02f2198b9a09a24380ce3c555fe8d585f19 [11ms]
2023-01-15 22:27:35.488 [info] > git show --textconv :first_folder/prac.html [1ms]
2023-01-15 22:27:35.488 [info] > git for-each-ref --format=%(refname)%00%(upstream:short)%00%(objectname)%00%(upstream:track)%00%(upstream:remotename)%00%(upstream:remoteref) refs/heads/add-first refs/remotes/add-first [7ms]
2023-01-15 22:27:35.501 [info] > git for-each-ref --sort -committerdate --format %(refname) %(objectname) %(*objectname) [5ms]
2023-01-15 22:27:35.501 [info] > git show --textconv :first_folder/prac.css [1ms]
2023-01-15 22:27:35.503 [info] > git status -z -uall [11ms]
2023-01-15 22:27:50.060 [info] > git ls-files --stage -- /home/robert/first_folder/prac.css [4ms]
2023-01-15 22:27:50.064 [info] > git config --get commit.template [13ms]
2023-01-15 22:27:50.068 [info] > git cat-file -s 85e8f02f2198b9a09a24380ce3c555fe8d585f19 [4ms]
2023-01-15 22:27:50.069 [info] > git ls-files --stage -- /home/robert/first_folder/prac.html [10ms]
2023-01-15 22:27:50.069 [info] > git for-each-ref --format=%(refname)%00%(upstream:short)%00%(objectname)%00%(upstream:track)%00%(upstream:remotename)%00%(upstream:remoteref) refs/heads/add-first refs/remotes/add-first [1ms]
2023-01-15 22:27:50.077 [info] > git for-each-ref --sort -committerdate --format %(refname) %(objectname) %(*objectname) [0ms]
2023-01-15 22:27:50.088 [info] > git status -z -uall [15ms]
2023-01-15 22:27:50.088 [info] > git show --textconv :first_folder/prac.css [5ms]
2023-01-15 22:27:50.088 [info] > git show --textconv :first_folder/prac.html [1ms]
2023-01-15 22:27:51.289 [info] > git ls-files --stage -- /home/robert/first_folder/prac.css [3ms]
2023-01-15 22:27:51.292 [info] > git ls-files --stage -- /home/robert/first_folder/prac.html [3ms]
2023-01-15 22:27:51.292 [info] > git cat-file -s 85e8f02f2198b9a09a24380ce3c555fe8d585f19 [0ms]
2023-01-15 22:27:51.302 [info] > git show --textconv :first_folder/prac.html [3ms]
2023-01-15 22:27:51.302 [info] > git show --textconv :first_folder/prac.css [1ms]
2023-01-15 22:31:15.055 [info] > git config --get commit.template [5ms]
2023-01-15 22:31:15.055 [info] > git for-each-ref --format=%(refname)%00%(upstream:short)%00%(objectname)%00%(upstream:track)%00%(upstream:remotename)%00%(upstream:remoteref) refs/heads/add-first refs/remotes/add-first [1ms]
2023-01-15 22:31:15.063 [info] > git for-each-ref --sort -committerdate --format %(refname) %(objectname) %(*objectname) [1ms]
2023-01-15 22:31:15.067 [info] > git status -z -uall [8ms]
2023-01-15 22:31:20.092 [info] > git config --get commit.template [3ms]
2023-01-15 22:31:20.092 [info] > git for-each-ref --format=%(refname)%00%(upstream:short)%00%(objectname)%00%(upstream:track)%00%(upstream:remotename)%00%(upstream:remoteref) refs/heads/add-first refs/remotes/add-first [1ms]
2023-01-15 22:31:20.099 [info] > git for-each-ref --sort -committerdate --format %(refname) %(objectname) %(*objectname) [0ms]
2023-01-15 22:31:20.101 [info] > git status -z -uall [6ms]
2023-01-15 22:31:25.119 [info] > git config --get commit.template [0ms]
2023-01-15 22:31:25.122 [info] > git for-each-ref --format=%(refname)%00%(upstream:short)%00%(objectname)%00%(upstream:track)%00%(upstream:remotename)%00%(upstream:remoteref) refs/heads/add-first refs/remotes/add-first [1ms]
2023-01-15 22:31:25.127 [info] > git for-each-ref --sort -committerdate --format %(refname) %(objectname) %(*objectname) [1ms]
2023-01-15 22:31:25.131 [info] > git status -z -uall [6ms]
2023-01-15 22:31:30.148 [info] > git config --get commit.template [1ms]
2023-01-15 22:31:30.152 [info] > git for-each-ref --format=%(refname)%00%(upstream:short)%00%(objectname)%00%(upstream:track)%00%(upstream:remotename)%00%(upstream:remoteref) refs/heads/add-first refs/remotes/add-first [0ms]
2023-01-15 22:31:30.158 [info] > git for-each-ref --sort -committerdate --format %(refname) %(objectname) %(*objectname) [1ms]
2023-01-15 22:31:30.160 [info] > git status -z -uall [6ms]
2023-01-15 22:31:35.957 [info] > git config --get commit.template [1ms]
2023-01-15 22:31:35.961 [info] > git for-each-ref --format=%(refname)%00%(upstream:short)%00%(objectname)%00%(upstream:track)%00%(upstream:remotename)%00%(upstream:remoteref) refs/heads/add-first refs/remotes/add-first [1ms]
2023-01-15 22:31:35.969 [info] > git for-each-ref --sort -committerdate --format %(refname) %(objectname) %(*objectname) [1ms]
2023-01-15 22:31:35.976 [info] > git status -z -uall [11ms]
2023-01-15 22:31:40.996 [info] > git config --get commit.template [1ms]
2023-01-15 22:31:41.000 [info] > git for-each-ref --format=%(refname)%00%(upstream:short)%00%(objectname)%00%(upstream:track)%00%(upstream:remotename)%00%(upstream:remoteref) refs/heads/add-first refs/remotes/add-first [0ms]
2023-01-15 22:31:41.005 [info] > git for-each-ref --sort -committerdate --format %(refname) %(objectname) %(*objectname) [1ms]
2023-01-15 22:31:41.009 [info] > git status -z -uall [7ms]
2023-01-15 22:31:46.035 [info] > git config --get commit.template [3ms]
2023-01-15 22:31:46.035 [info] > git for-each-ref --format=%(refname)%00%(upstream:short)%00%(objectname)%00%(upstream:track)%00%(upstream:remotename)%00%(upstream:remoteref) refs/heads/add-first refs/remotes/add-first [1ms]
2023-01-15 22:31:46.040 [info] > git for-each-ref --sort -committerdate --format %(refname) %(objectname) %(*objectname) [0ms]
2023-01-15 22:31:46.044 [info] > git status -z -uall [7ms]
2023-01-15 22:31:51.060 [info] > git config --get commit.template [1ms]
2023-01-15 22:31:51.063 [info] > git for-each-ref --format=%(refname)%00%(upstream:short)%00%(objectname)%00%(upstream:track)%00%(upstream:remotename)%00%(upstream:remoteref) refs/heads/add-first refs/remotes/add-first [0ms]
2023-01-15 22:31:51.070 [info] > git for-each-ref --sort -committerdate --format %(refname) %(objectname) %(*objectname) [1ms]
2023-01-15 22:31:51.073 [info] > git status -z -uall [6ms]
2023-01-15 22:31:56.093 [info] > git config --get commit.template [3ms]
2023-01-15 22:31:56.094 [info] > git for-each-ref --format=%(refname)%00%(upstream:short)%00%(objectname)%00%(upstream:track)%00%(upstream:remotename)%00%(upstream:remoteref) refs/heads/add-first refs/remotes/add-first [1ms]
2023-01-15 22:31:56.101 [info] > git for-each-ref --sort -committerdate --format %(refname) %(objectname) %(*objectname) [1ms]
2023-01-15 22:31:56.105 [info] > git status -z -uall [8ms]
2023-01-15 22:32:01.125 [info] > git config --get commit.template [1ms]
2023-01-15 22:32:01.128 [info] > git for-each-ref --format=%(refname)%00%(upstream:short)%00%(objectname)%00%(upstream:track)%00%(upstream:remotename)%00%(upstream:remoteref) refs/heads/add-first refs/remotes/add-first [1ms]
2023-01-15 22:32:01.134 [info] > git for-each-ref --sort -committerdate --format %(refname) %(objectname) %(*objectname) [0ms]
2023-01-15 22:32:01.138 [info] > git status -z -uall [7ms]
2023-01-15 22:32:12.219 [info] > git config --get commit.template [2ms]
2023-01-15 22:32:12.225 [info] > git for-each-ref --format=%(refname)%00%(upstream:short)%00%(objectname)%00%(upstream:track)%00%(upstream:remotename)%00%(upstream:remoteref) refs/heads/add-first refs/remotes/add-first [1ms]
2023-01-15 22:32:12.234 [info] > git for-each-ref --sort -committerdate --format %(refname) %(objectname) %(*objectname) [1ms]
2023-01-15 22:32:12.239 [info] > git status -z -uall [10ms]
2023-01-15 22:36:11.089 [info] > git config --get commit.template [0ms]
2023-01-15 22:36:11.094 [info] > git for-each-ref --format=%(refname)%00%(upstream:short)%00%(objectname)%00%(upstream:track)%00%(upstream:remotename)%00%(upstream:remoteref) refs/heads/add-first refs/remotes/add-first [1ms]
2023-01-15 22:36:11.103 [info] > git for-each-ref --sort -committerdate --format %(refname) %(objectname) %(*objectname) [1ms]
2023-01-15 22:36:11.107 [info] > git status -z -uall [9ms]
2023-01-15 22:36:28.274 [info] > git config --get commit.template [4ms]
2023-01-15 22:36:28.274 [info] > git for-each-ref --format=%(refname)%00%(upstream:short)%00%(objectname)%00%(upstream:track)%00%(upstream:remotename)%00%(upstream:remoteref) refs/heads/add-first refs/remotes/add-first [1ms]
2023-01-15 22:36:28.281 [info] > git for-each-ref --sort -committerdate --format %(refname) %(objectname) %(*objectname) [2ms]
2023-01-15 22:36:28.286 [info] > git status -z -uall [9ms]
2023-01-15 22:36:33.322 [info] > git config --get commit.template [4ms]
2023-01-15 22:36:33.322 [info] > git for-each-ref --format=%(refname)%00%(upstream:short)%00%(objectname)%00%(upstream:track)%00%(upstream:remotename)%00%(upstream:remoteref) refs/heads/add-first refs/remotes/add-first [1ms]
2023-01-15 22:36:33.331 [info] > git for-each-ref --sort -committerdate --format %(refname) %(objectname) %(*objectname) [2ms]
2023-01-15 22:36:33.333 [info] > git status -z -uall [7ms]
2023-01-15 22:36:38.354 [info] > git config --get commit.template [4ms]
2023-01-15 22:36:38.354 [info] > git for-each-ref --format=%(refname)%00%(upstream:short)%00%(objectname)%00%(upstream:track)%00%(upstream:remotename)%00%(upstream:remoteref) refs/heads/add-first refs/remotes/add-first [1ms]
2023-01-15 22:36:38.360 [info] > git for-each-ref --sort -committerdate --format %(refname) %(objectname) %(*objectname) [1ms]
2023-01-15 22:36:38.364 [info] > git status -z -uall [7ms]
2023-01-15 22:36:43.382 [info] > git config --get commit.template [2ms]
2023-01-15 22:36:43.386 [info] > git for-each-ref --format=%(refname)%00%(upstream:short)%00%(objectname)%00%(upstream:track)%00%(upstream:remotename)%00%(upstream:remoteref) refs/heads/add-first refs/remotes/add-first [1ms]
2023-01-15 22:36:43.394 [info] > git for-each-ref --sort -committerdate --format %(refname) %(objectname) %(*objectname) [1ms]
2023-01-15 22:36:43.401 [info] > git status -z -uall [11ms]
2023-01-15 22:36:48.418 [info] > git config --get commit.template [1ms]
2023-01-15 22:36:48.421 [info] > git for-each-ref --format=%(refname)%00%(upstream:short)%00%(objectname)%00%(upstream:track)%00%(upstream:remotename)%00%(upstream:remoteref) refs/heads/add-first refs/remotes/add-first [0ms]
2023-01-15 22:36:48.429 [info] > git for-each-ref --sort -committerdate --format %(refname) %(objectname) %(*objectname) [1ms]
2023-01-15 22:36:48.432 [info] > git status -z -uall [7ms]
2023-01-15 22:36:53.453 [info] > git config --get commit.template [1ms]
2023-01-15 22:36:53.458 [info] > git for-each-ref --format=%(refname)%00%(upstream:short)%00%(objectname)%00%(upstream:track)%00%(upstream:remotename)%00%(upstream:remoteref) refs/heads/add-first refs/remotes/add-first [1ms]
2023-01-15 22:36:53.465 [info] > git for-each-ref --sort -committerdate --format %(refname) %(objectname) %(*objectname) [1ms]
2023-01-15 22:36:53.472 [info] > git status -z -uall [11ms]
2023-01-15 22:36:58.490 [info] > git config --get commit.template [3ms]
2023-01-15 22:36:58.491 [info] > git for-each-ref --format=%(refname)%00%(upstream:short)%00%(objectname)%00%(upstream:track)%00%(upstream:remotename)%00%(upstream:remoteref) refs/heads/add-first refs/remotes/add-first [1ms]
2023-01-15 22:36:58.497 [info] > git for-each-ref --sort -committerdate --format %(refname) %(objectname) %(*objectname) [1ms]
2023-01-15 22:36:58.500 [info] > git status -z -uall [7ms]
2023-01-15 22:37:01.823 [info] > git show --textconv :first_folder/j.html [3ms]
2023-01-15 22:37:01.824 [info] > git ls-files --stage -- /home/robert/first_folder/j.html [1ms]
2023-01-15 22:37:02.091 [info] > git check-ignore -v -z --stdin [1ms]
2023-01-15 22:37:03.520 [info] > git config --get commit.template [3ms]
2023-01-15 22:37:03.520 [info] > git for-each-ref --format=%(refname)%00%(upstream:short)%00%(objectname)%00%(upstream:track)%00%(upstream:remotename)%00%(upstream:remoteref) refs/heads/add-first refs/remotes/add-first [0ms]
2023-01-15 22:37:03.526 [info] > git for-each-ref --sort -committerdate --format %(refname) %(objectname) %(*objectname) [0ms]
2023-01-15 22:37:03.529 [info] > git status -z -uall [6ms]
2023-01-15 22:37:08.547 [info] > git config --get commit.template [1ms]
2023-01-15 22:37:08.552 [info] > git for-each-ref --format=%(refname)%00%(upstream:short)%00%(objectname)%00%(upstream:track)%00%(upstream:remotename)%00%(upstream:remoteref) refs/heads/add-first refs/remotes/add-first [0ms]
2023-01-15 22:37:08.559 [info] > git for-each-ref --sort -committerdate --format %(refname) %(objectname) %(*objectname) [0ms]
2023-01-15 22:37:08.562 [info] > git status -z -uall [6ms]
2023-01-15 22:37:13.584 [info] > git config --get commit.template [5ms]
2023-01-15 22:37:13.585 [info] > git for-each-ref --format=%(refname)%00%(upstream:short)%00%(objectname)%00%(upstream:track)%00%(upstream:remotename)%00%(upstream:remoteref) refs/heads/add-first refs/remotes/add-first [0ms]
2023-01-15 22:37:13.591 [info] > git for-each-ref --sort -committerdate --format %(refname) %(objectname) %(*objectname) [1ms]
2023-01-15 22:37:13.594 [info] > git status -z -uall [7ms]
2023-01-15 22:37:18.616 [info] > git config --get commit.template [4ms]
2023-01-15 22:37:18.617 [info] > git for-each-ref --format=%(refname)%00%(upstream:short)%00%(objectname)%00%(upstream:track)%00%(upstream:remotename)%00%(upstream:remoteref) refs/heads/add-first refs/remotes/add-first [1ms]
2023-01-15 22:37:18.623 [info] > git for-each-ref --sort -committerdate --format %(refname) %(objectname) %(*objectname) [1ms]
2023-01-15 22:37:18.626 [info] > git status -z -uall [6ms]
2023-01-15 22:37:23.652 [info] > git config --get commit.template [1ms]
2023-01-15 22:37:23.656 [info] > git for-each-ref --format=%(refname)%00%(upstream:short)%00%(objectname)%00%(upstream:track)%00%(upstream:remotename)%00%(upstream:remoteref) refs/heads/add-first refs/remotes/add-first [1ms]
2023-01-15 22:37:23.663 [info] > git for-each-ref --sort -committerdate --format %(refname) %(objectname) %(*objectname) [1ms]
2023-01-15 22:37:23.668 [info] > git status -z -uall [9ms]
2023-01-15 22:37:28.695 [info] > git config --get commit.template [3ms]
2023-01-15 22:37:28.696 [info] > git for-each-ref --format=%(refname)%00%(upstream:short)%00%(objectname)%00%(upstream:track)%00%(upstream:remotename)%00%(upstream:remoteref) refs/heads/add-first refs/remotes/add-first [1ms]
2023-01-15 22:37:28.704 [info] > git for-each-ref --sort -committerdate --format %(refname) %(objectname) %(*objectname) [0ms]
2023-01-15 22:37:28.706 [info] > git status -z -uall [6ms]
2023-01-15 22:37:36.481 [info] > git config --get commit.template [5ms]
2023-01-15 22:37:36.482 [info] > git for-each-ref --format=%(refname)%00%(upstream:short)%00%(objectname)%00%(upstream:track)%00%(upstream:remotename)%00%(upstream:remoteref) refs/heads/add-first refs/remotes/add-first [2ms]
2023-01-15 22:37:36.489 [info] > git for-each-ref --sort -committerdate --format %(refname) %(objectname) %(*objectname) [1ms]
2023-01-15 22:37:36.492 [info] > git status -z -uall [7ms]
2023-01-15 22:37:41.516 [info] > git config --get commit.template [4ms]
2023-01-15 22:37:41.516 [info] > git for-each-ref --format=%(refname)%00%(upstream:short)%00%(objectname)%00%(upstream:track)%00%(upstream:remotename)%00%(upstream:remoteref) refs/heads/add-first refs/remotes/add-first [1ms]
2023-01-15 22:37:41.522 [info] > git for-each-ref --sort -committerdate --format %(refname) %(objectname) %(*objectname) [1ms]
2023-01-15 22:37:41.525 [info] > git status -z -uall [6ms]
2023-01-15 22:37:46.543 [info] > git config --get commit.template [1ms]
2023-01-15 22:37:46.547 [info] > git for-each-ref --format=%(refname)%00%(upstream:short)%00%(objectname)%00%(upstream:track)%00%(upstream:remotename)%00%(upstream:remoteref) refs/heads/add-first refs/remotes/add-first [1ms]
2023-01-15 22:37:46.554 [info] > git for-each-ref --sort -committerdate --format %(refname) %(objectname) %(*objectname) [0ms]
2023-01-15 22:37:46.558 [info] > git status -z -uall [7ms]
2023-01-15 22:37:48.087 [info] > git show --textconv :first_folder/prac.html [4ms]
2023-01-15 22:37:48.088 [info] > git ls-files --stage -- /home/robert/first_folder/prac.html [1ms]
2023-01-15 22:38:06.062 [info] > git config --get commit.template [1ms]
2023-01-15 22:38:06.065 [info] > git for-each-ref --format=%(refname)%00%(upstream:short)%00%(objectname)%00%(upstream:track)%00%(upstream:remotename)%00%(upstream:remoteref) refs/heads/add-first refs/remotes/add-first [0ms]
2023-01-15 22:38:06.071 [info] > git for-each-ref --sort -committerdate --format %(refname) %(objectname) %(*objectname) [1ms]
2023-01-15 22:38:06.077 [info] > git status -z -uall [9ms]
2023-01-15 22:38:42.732 [info] > git config --get commit.template [0ms]
2023-01-15 22:38:42.736 [info] > git for-each-ref --format=%(refname)%00%(upstream:short)%00%(objectname)%00%(upstream:track)%00%(upstream:remotename)%00%(upstream:remoteref) refs/heads/add-first refs/remotes/add-first [0ms]
2023-01-15 22:38:42.744 [info] > git for-each-ref --sort -committerdate --format %(refname) %(objectname) %(*objectname) [1ms]
2023-01-15 22:38:42.748 [info] > git status -z -uall [8ms]
2023-01-15 22:38:49.143 [info] > git config --get commit.template [4ms]
2023-01-15 22:38:49.143 [info] > git for-each-ref --format=%(refname)%00%(upstream:short)%00%(objectname)%00%(upstream:track)%00%(upstream:remotename)%00%(upstream:remoteref) refs/heads/add-first refs/remotes/add-first [1ms]
2023-01-15 22:38:49.152 [info] > git for-each-ref --sort -committerdate --format %(refname) %(objectname) %(*objectname) [1ms]
2023-01-15 22:38:49.154 [info] > git status -z -uall [7ms]
2023-01-15 23:22:38.810 [info] > git config --get commit.template [36ms]
2023-01-15 23:22:38.810 [info] > git ls-files --stage -- /home/robert/first_folder/prac.html [2ms]
2023-01-15 23:22:38.811 [info] > git ls-files --stage -- /home/robert/first_folder/j.html [14ms]
2023-01-15 23:22:38.812 [info] > git ls-files --stage -- /home/robert/first_folder/prac.css [25ms]
2023-01-15 23:22:38.825 [info] > git cat-file -s 85e8f02f2198b9a09a24380ce3c555fe8d585f19 [4ms]
2023-01-15 23:22:38.825 [info] > git for-each-ref --format=%(refname)%00%(upstream:short)%00%(objectname)%00%(upstream:track)%00%(upstream:remotename)%00%(upstream:remoteref) refs/heads/add-first refs/remotes/add-first [1ms]
2023-01-15 23:22:38.844 [info] > git show --textconv :first_folder/prac.html [7ms]
2023-01-15 23:22:38.844 [info] > git show --textconv :first_folder/j.html [4ms]
2023-01-15 23:22:38.845 [info] > git for-each-ref --sort -committerdate --format %(refname) %(objectname) %(*objectname) [13ms]
2023-01-15 23:22:38.845 [info] > git show --textconv :first_folder/prac.css [2ms]
2023-01-15 23:22:38.865 [info] > git status -z -uall [37ms]
2023-01-15 23:22:43.906 [info] > git config --get commit.template [3ms]
2023-01-15 23:22:43.906 [info] > git for-each-ref --format=%(refname)%00%(upstream:short)%00%(objectname)%00%(upstream:track)%00%(upstream:remotename)%00%(upstream:remoteref) refs/heads/add-first refs/remotes/add-first [0ms]
2023-01-15 23:22:43.912 [info] > git for-each-ref --sort -committerdate --format %(refname) %(objectname) %(*objectname) [1ms]
2023-01-15 23:22:43.915 [info] > git status -z -uall [7ms]
2023-01-15 23:24:06.981 [info] > git config --get commit.template [1ms]
2023-01-15 23:24:06.986 [info] > git for-each-ref --format=%(refname)%00%(upstream:short)%00%(objectname)%00%(upstream:track)%00%(upstream:remotename)%00%(upstream:remoteref) refs/heads/add-first refs/remotes/add-first [2ms]
2023-01-15 23:24:06.994 [info] > git for-each-ref --sort -committerdate --format %(refname) %(objectname) %(*objectname) [1ms]
2023-01-15 23:24:07.001 [info] > git status -z -uall [11ms]
2023-01-15 23:24:56.726 [info] > git config --get commit.template [4ms]
2023-01-15 23:24:56.727 [info] > git for-each-ref --format=%(refname)%00%(upstream:short)%00%(objectname)%00%(upstream:track)%00%(upstream:remotename)%00%(upstream:remoteref) refs/heads/add-first refs/remotes/add-first [1ms]
2023-01-15 23:24:56.733 [info] > git for-each-ref --sort -committerdate --format %(refname) %(objectname) %(*objectname) [1ms]
2023-01-15 23:24:56.737 [info] > git status -z -uall [7ms]
2023-01-15 23:25:01.761 [info] > git config --get commit.template [3ms]
2023-01-15 23:25:01.761 [info] > git for-each-ref --format=%(refname)%00%(upstream:short)%00%(objectname)%00%(upstream:track)%00%(upstream:remotename)%00%(upstream:remoteref) refs/heads/add-first refs/remotes/add-first [1ms]
2023-01-15 23:25:01.767 [info] > git for-each-ref --sort -committerdate --format %(refname) %(objectname) %(*objectname) [0ms]
2023-01-15 23:25:01.770 [info] > git status -z -uall [7ms]
2023-01-15 23:25:06.794 [info] > git config --get commit.template [3ms]
2023-01-15 23:25:06.794 [info] > git for-each-ref --format=%(refname)%00%(upstream:short)%00%(objectname)%00%(upstream:track)%00%(upstream:remotename)%00%(upstream:remoteref) refs/heads/add-first refs/remotes/add-first [0ms]
2023-01-15 23:25:06.800 [info] > git for-each-ref --sort -committerdate --format %(refname) %(objectname) %(*objectname) [1ms]
2023-01-15 23:25:06.804 [info] > git status -z -uall [7ms]
2023-01-15 23:25:11.826 [info] > git config --get commit.template [4ms]
2023-01-15 23:25:11.827 [info] > git for-each-ref --format=%(refname)%00%(upstream:short)%00%(objectname)%00%(upstream:track)%00%(upstream:remotename)%00%(upstream:remoteref) refs/heads/add-first refs/remotes/add-first [1ms]
2023-01-15 23:25:11.835 [info] > git for-each-ref --sort -committerdate --format %(refname) %(objectname) %(*objectname) [2ms]
2023-01-15 23:25:11.841 [info] > git status -z -uall [11ms]
2023-01-15 23:25:16.860 [info] > git config --get commit.template [1ms]
2023-01-15 23:25:16.864 [info] > git for-each-ref --format=%(refname)%00%(upstream:short)%00%(objectname)%00%(upstream:track)%00%(upstream:remotename)%00%(upstream:remoteref) refs/heads/add-first refs/remotes/add-first [1ms]
2023-01-15 23:25:16.873 [info] > git for-each-ref --sort -committerdate --format %(refname) %(objectname) %(*objectname) [1ms]
2023-01-15 23:25:16.875 [info] > git status -z -uall [7ms]
2023-01-15 23:25:21.896 [info] > git config --get commit.template [4ms]
2023-01-15 23:25:21.896 [info] > git for-each-ref --format=%(refname)%00%(upstream:short)%00%(objectname)%00%(upstream:track)%00%(upstream:remotename)%00%(upstream:remoteref) refs/heads/add-first refs/remotes/add-first [1ms]
2023-01-15 23:25:21.904 [info] > git for-each-ref --sort -committerdate --format %(refname) %(objectname) %(*objectname) [0ms]
2023-01-15 23:25:21.906 [info] > git status -z -uall [7ms]
2023-01-15 23:25:26.926 [info] > git config --get commit.template [4ms]
2023-01-15 23:25:26.926 [info] > git for-each-ref --format=%(refname)%00%(upstream:short)%00%(objectname)%00%(upstream:track)%00%(upstream:remotename)%00%(upstream:remoteref) refs/heads/add-first refs/remotes/add-first [1ms]
2023-01-15 23:25:26.933 [info] > git for-each-ref --sort -committerdate --format %(refname) %(objectname) %(*objectname) [1ms]
2023-01-15 23:25:26.937 [info] > git status -z -uall [8ms]
2023-01-15 23:25:31.963 [info] > git config --get commit.template [4ms]
2023-01-15 23:25:31.963 [info] > git for-each-ref --format=%(refname)%00%(upstream:short)%00%(objectname)%00%(upstream:track)%00%(upstream:remotename)%00%(upstream:remoteref) refs/heads/add-first refs/remotes/add-first [0ms]
2023-01-15 23:25:31.969 [info] > git for-each-ref --sort -committerdate --format %(refname) %(objectname) %(*objectname) [0ms]
2023-01-15 23:25:31.972 [info] > git status -z -uall [6ms]
2023-01-15 23:25:36.992 [info] > git config --get commit.template [4ms]
2023-01-15 23:25:36.992 [info] > git for-each-ref --format=%(refname)%00%(upstream:short)%00%(objectname)%00%(upstream:track)%00%(upstream:remotename)%00%(upstream:remoteref) refs/heads/add-first refs/remotes/add-first [0ms]
2023-01-15 23:25:36.998 [info] > git for-each-ref --sort -committerdate --format %(refname) %(objectname) %(*objectname) [1ms]
2023-01-15 23:25:37.002 [info] > git status -z -uall [7ms]
2023-01-15 23:25:42.029 [info] > git config --get commit.template [4ms]
2023-01-15 23:25:42.029 [info] > git for-each-ref --format=%(refname)%00%(upstream:short)%00%(objectname)%00%(upstream:track)%00%(upstream:remotename)%00%(upstream:remoteref) refs/heads/add-first refs/remotes/add-first [1ms]
2023-01-15 23:25:42.036 [info] > git for-each-ref --sort -committerdate --format %(refname) %(objectname) %(*objectname) [1ms]
2023-01-15 23:25:42.039 [info] > git status -z -uall [6ms]
2023-01-15 23:25:47.055 [info] > git config --get commit.template [1ms]
2023-01-15 23:25:47.058 [info] > git for-each-ref --format=%(refname)%00%(upstream:short)%00%(objectname)%00%(upstream:track)%00%(upstream:remotename)%00%(upstream:remoteref) refs/heads/add-first refs/remotes/add-first [0ms]
2023-01-15 23:25:47.064 [info] > git for-each-ref --sort -committerdate --format %(refname) %(objectname) %(*objectname) [1ms]
2023-01-15 23:25:47.068 [info] > git status -z -uall [7ms]
2023-01-15 23:25:47.848 [info] > git show --textconv :first_folder/prac.html [4ms]
2023-01-15 23:25:47.848 [info] > git ls-files --stage -- /home/robert/first_folder/prac.html [1ms]
2023-01-15 23:25:52.093 [info] > git config --get commit.template [4ms]
2023-01-15 23:25:52.093 [info] > git for-each-ref --format=%(refname)%00%(upstream:short)%00%(objectname)%00%(upstream:track)%00%(upstream:remotename)%00%(upstream:remoteref) refs/heads/add-first refs/remotes/add-first [1ms]
2023-01-15 23:25:52.099 [info] > git for-each-ref --sort -committerdate --format %(refname) %(objectname) %(*objectname) [1ms]
2023-01-15 23:25:52.102 [info] > git status -z -uall [6ms]
2023-01-15 23:25:52.747 [info] > git show --textconv :first_folder/j.html [3ms]
2023-01-15 23:25:52.748 [info] > git ls-files --stage -- /home/robert/first_folder/j.html [1ms]
2023-01-15 23:25:57.121 [info] > git config --get commit.template [0ms]
2023-01-15 23:25:57.124 [info] > git for-each-ref --format=%(refname)%00%(upstream:short)%00%(objectname)%00%(upstream:track)%00%(upstream:remotename)%00%(upstream:remoteref) refs/heads/add-first refs/remotes/add-first [1ms]
2023-01-15 23:25:57.130 [info] > git for-each-ref --sort -committerdate --format %(refname) %(objectname) %(*objectname) [0ms]
2023-01-15 23:25:57.133 [info] > git status -z -uall [6ms]
2023-01-15 23:25:59.433 [info] > git show --textconv :first_folder/prac.html [3ms]
2023-01-15 23:25:59.434 [info] > git ls-files --stage -- /home/robert/first_folder/prac.html [1ms]
2023-01-15 23:26:02.153 [info] > git config --get commit.template [4ms]
2023-01-15 23:26:02.154 [info] > git for-each-ref --format=%(refname)%00%(upstream:short)%00%(objectname)%00%(upstream:track)%00%(upstream:remotename)%00%(upstream:remoteref) refs/heads/add-first refs/remotes/add-first [1ms]
2023-01-15 23:26:02.160 [info] > git for-each-ref --sort -committerdate --format %(refname) %(objectname) %(*objectname) [0ms]
2023-01-15 23:26:02.163 [info] > git status -z -uall [7ms]
2023-01-15 23:26:07.181 [info] > git config --get commit.template [3ms]
2023-01-15 23:26:07.182 [info] > git for-each-ref --format=%(refname)%00%(upstream:short)%00%(objectname)%00%(upstream:track)%00%(upstream:remotename)%00%(upstream:remoteref) refs/heads/add-first refs/remotes/add-first [1ms]
2023-01-15 23:26:07.188 [info] > git for-each-ref --sort -committerdate --format %(refname) %(objectname) %(*objectname) [1ms]
2023-01-15 23:26:07.191 [info] > git status -z -uall [6ms]
2023-01-15 23:26:10.880 [info] > git show --textconv :first_folder/j.html [3ms]
2023-01-15 23:26:10.880 [info] > git ls-files --stage -- /home/robert/first_folder/j.html [1ms]
2023-01-15 23:26:12.211 [info] > git config --get commit.template [4ms]
2023-01-15 23:26:12.211 [info] > git for-each-ref --format=%(refname)%00%(upstream:short)%00%(objectname)%00%(upstream:track)%00%(upstream:remotename)%00%(upstream:remoteref) refs/heads/add-first refs/remotes/add-first [1ms]
2023-01-15 23:26:12.217 [info] > git for-each-ref --sort -committerdate --format %(refname) %(objectname) %(*objectname) [1ms]
2023-01-15 23:26:12.220 [info] > git status -z -uall [6ms]
2023-01-15 23:26:17.240 [info] > git config --get commit.template [3ms]
2023-01-15 23:26:17.241 [info] > git for-each-ref --format=%(refname)%00%(upstream:short)%00%(objectname)%00%(upstream:track)%00%(upstream:remotename)%00%(upstream:remoteref) refs/heads/add-first refs/remotes/add-first [0ms]
2023-01-15 23:26:17.246 [info] > git for-each-ref --sort -committerdate --format %(refname) %(objectname) %(*objectname) [1ms]
2023-01-15 23:26:17.249 [info] > git status -z -uall [6ms]
2023-01-15 23:26:17.765 [info] > git show --textconv :first_folder/prac.html [3ms]
2023-01-15 23:26:17.765 [info] > git ls-files --stage -- /home/robert/first_folder/prac.html [0ms]
2023-01-15 23:26:22.271 [info] > git config --get commit.template [4ms]
2023-01-15 23:26:22.271 [info] > git for-each-ref --format=%(refname)%00%(upstream:short)%00%(objectname)%00%(upstream:track)%00%(upstream:remotename)%00%(upstream:remoteref) refs/heads/add-first refs/remotes/add-first [1ms]
2023-01-15 23:26:22.277 [info] > git for-each-ref --sort -committerdate --format %(refname) %(objectname) %(*objectname) [1ms]
2023-01-15 23:26:22.280 [info] > git status -z -uall [6ms]
2023-01-15 23:26:27.304 [info] > git config --get commit.template [0ms]
2023-01-15 23:26:27.307 [info] > git for-each-ref --format=%(refname)%00%(upstream:short)%00%(objectname)%00%(upstream:track)%00%(upstream:remotename)%00%(upstream:remoteref) refs/heads/add-first refs/remotes/add-first [0ms]
2023-01-15 23:26:27.313 [info] > git for-each-ref --sort -committerdate --format %(refname) %(objectname) %(*objectname) [0ms]
2023-01-15 23:26:27.316 [info] > git status -z -uall [6ms]
2023-01-15 23:26:32.332 [info] > git config --get commit.template [1ms]
2023-01-15 23:26:32.338 [info] > git for-each-ref --format=%(refname)%00%(upstream:short)%00%(objectname)%00%(upstream:track)%00%(upstream:remotename)%00%(upstream:remoteref) refs/heads/add-first refs/remotes/add-first [1ms]
2023-01-15 23:26:32.346 [info] > git for-each-ref --sort -committerdate --format %(refname) %(objectname) %(*objectname) [1ms]
2023-01-15 23:26:32.352 [info] > git status -z -uall [10ms]
2023-01-15 23:26:37.370 [info] > git config --get commit.template [1ms]
2023-01-15 23:26:37.373 [info] > git for-each-ref --format=%(refname)%00%(upstream:short)%00%(objectname)%00%(upstream:track)%00%(upstream:remotename)%00%(upstream:remoteref) refs/heads/add-first refs/remotes/add-first [0ms]
2023-01-15 23:26:37.380 [info] > git for-each-ref --sort -committerdate --format %(refname) %(objectname) %(*objectname) [0ms]
2023-01-15 23:26:37.383 [info] > git status -z -uall [7ms]
2023-01-15 23:26:56.165 [info] > git config --get commit.template [0ms]
2023-01-15 23:26:56.169 [info] > git for-each-ref --format=%(refname)%00%(upstream:short)%00%(objectname)%00%(upstream:track)%00%(upstream:remotename)%00%(upstream:remoteref) refs/heads/add-first refs/remotes/add-first [0ms]
2023-01-15 23:26:56.175 [info] > git for-each-ref --sort -committerdate --format %(refname) %(objectname) %(*objectname) [1ms]
2023-01-15 23:26:56.178 [info] > git status -z -uall [6ms]
2023-01-15 23:27:01.197 [info] > git config --get commit.template [3ms]
2023-01-15 23:27:01.197 [info] > git for-each-ref --format=%(refname)%00%(upstream:short)%00%(objectname)%00%(upstream:track)%00%(upstream:remotename)%00%(upstream:remoteref) refs/heads/add-first refs/remotes/add-first [1ms]
2023-01-15 23:27:01.203 [info] > git for-each-ref --sort -committerdate --format %(refname) %(objectname) %(*objectname) [0ms]
2023-01-15 23:27:01.206 [info] > git status -z -uall [6ms]
2023-01-15 23:27:48.050 [info] > git config --get commit.template [5ms]
2023-01-15 23:27:48.050 [info] > git for-each-ref --format=%(refname)%00%(upstream:short)%00%(objectname)%00%(upstream:track)%00%(upstream:remotename)%00%(upstream:remoteref) refs/heads/add-first refs/remotes/add-first [1ms]
2023-01-15 23:27:48.058 [info] > git for-each-ref --sort -committerdate --format %(refname) %(objectname) %(*objectname) [1ms]
2023-01-15 23:27:48.061 [info] > git status -z -uall [7ms]
