2023-01-15 23:23:00.021 [info] Log level: Info
2023-01-15 23:23:00.021 [info] Validating found git in: "git"
2023-01-15 23:23:00.021 [info] Using git "2.34.1" from "git"
2023-01-15 23:23:00.021 [info] > git rev-parse --show-toplevel [3ms]
2023-01-15 23:23:00.021 [info] > git rev-parse --git-dir --git-common-dir [0ms]
2023-01-15 23:23:00.021 [info] Open repository: /home/robert
2023-01-15 23:23:00.021 [info] > git rev-parse --show-toplevel [8ms]
2023-01-15 23:23:00.021 [info] > git rev-parse --show-toplevel [7ms]
2023-01-15 23:23:00.021 [info] > git config --get commit.template [19ms]
2023-01-15 23:23:00.021 [info] > git rev-parse --show-toplevel [3ms]
2023-01-15 23:23:00.021 [info] > git for-each-ref --format=%(refname)%00%(upstream:short)%00%(objectname)%00%(upstream:track)%00%(upstream:remotename)%00%(upstream:remoteref) refs/heads/add-first refs/remotes/add-first [3ms]
2023-01-15 23:23:00.021 [info] > git rev-parse --git-dir --git-common-dir [13ms]
2023-01-15 23:23:00.021 [info] Open repository: /home/robert/first_folder
2023-01-15 23:23:00.021 [info] > git status -z -uall [13ms]
2023-01-15 23:23:00.021 [info] > git rev-parse --show-toplevel [5ms]
2023-01-15 23:23:00.022 [info] > git for-each-ref --sort -committerdate --format %(refname) %(objectname) %(*objectname) [15ms]
2023-01-15 23:23:00.022 [info] > git rev-parse --git-dir --git-common-dir [2ms]
2023-01-15 23:23:00.022 [info] Open repository: /home/robert/learn_git_again
2023-01-15 23:23:00.022 [info] > git config --get commit.template [13ms]
2023-01-15 23:23:00.022 [info] > git config --get commit.template [25ms]
2023-01-15 23:23:00.023 [info] > git config --get commit.template [28ms]
2023-01-15 23:23:00.023 [info] > git for-each-ref --format=%(refname)%00%(upstream:short)%00%(objectname)%00%(upstream:track)%00%(upstream:remotename)%00%(upstream:remoteref) refs/heads/main refs/remotes/main [3ms]
2023-01-15 23:23:00.035 [warning] No remotes found in the git config file.
2023-01-15 23:23:00.038 [info] > git status -z -uall [12ms]
2023-01-15 23:23:00.039 [info] > git for-each-ref --format=%(refname)%00%(upstream:short)%00%(objectname)%00%(upstream:track)%00%(upstream:remotename)%00%(upstream:remoteref) refs/heads/add-first refs/remotes/add-first [1ms]
2023-01-15 23:23:00.045 [info] > git remote --verbose [10ms]
2023-01-15 23:23:00.046 [info] > git for-each-ref --format=%(refname)%00%(upstream:short)%00%(objectname)%00%(upstream:track)%00%(upstream:remotename)%00%(upstream:remoteref) refs/heads/master refs/remotes/master [14ms]
2023-01-15 23:23:00.054 [info] > git for-each-ref --sort -committerdate --format %(refname) %(objectname) %(*objectname) [25ms]
2023-01-15 23:23:00.063 [info] > git status -z -uall [20ms]
2023-01-15 23:23:00.063 [info] > git status -z -uall [14ms]
2023-01-15 23:23:00.063 [info] > git for-each-ref --sort -committerdate --format %(refname) %(objectname) %(*objectname) [9ms]
2023-01-15 23:23:00.066 [info] > git for-each-ref --sort -committerdate --format %(refname) %(objectname) %(*objectname) [21ms]
2023-01-15 23:23:00.071 [info] > git config --get commit.template [10ms]
2023-01-15 23:23:00.091 [info] > git config --get commit.template [19ms]
2023-01-15 23:23:00.098 [warning] No remotes found in the git config file.
2023-01-15 23:23:00.099 [info] > git for-each-ref --format=%(refname)%00%(upstream:short)%00%(objectname)%00%(upstream:track)%00%(upstream:remotename)%00%(upstream:remoteref) refs/heads/main refs/remotes/main [6ms]
2023-01-15 23:23:00.106 [info] > git status -z -uall [3ms]
2023-01-15 23:23:00.106 [info] > git remote --verbose [8ms]
2023-01-15 23:23:00.106 [info] > git for-each-ref --format=%(refname)%00%(upstream:short)%00%(objectname)%00%(upstream:track)%00%(upstream:remotename)%00%(upstream:remoteref) refs/heads/master refs/remotes/master [10ms]
2023-01-15 23:23:00.112 [info] > git status -z -uall [3ms]
2023-01-15 23:23:00.112 [info] > git for-each-ref --sort -committerdate --format %(refname) %(objectname) %(*objectname) [7ms]
2023-01-15 23:23:00.115 [info] > git for-each-ref --sort -committerdate --format %(refname) %(objectname) %(*objectname) [4ms]
2023-01-15 23:23:00.511 [info] > git check-ignore -v -z --stdin [8ms]
2023-01-15 23:23:00.512 [info] > git check-ignore -v -z --stdin [6ms]
2023-01-15 23:23:00.512 [info] > git check-ignore -v -z --stdin [2ms]
2023-01-15 23:23:07.229 [info] > git show --textconv :more_practice [3ms]
2023-01-15 23:23:07.230 [info] > git ls-files --stage -- /home/robert/more_practice [1ms]
2023-01-15 23:23:07.234 [info] > git cat-file -s e69de29bb2d1d6434b8b29ae775ad8c2e48c5391 [1ms]
2023-01-15 23:23:27.262 [info] > git check-ignore -v -z --stdin [2ms]
2023-01-15 23:23:33.582 [info] > git check-ignore -v -z --stdin [1ms]
