2023-01-16 14:14:26.550 [info] Log level: Info
2023-01-16 14:14:26.550 [info] Validating found git in: "git"
2023-01-16 14:14:26.550 [info] Using git "2.34.1" from "git"
2023-01-16 14:14:26.550 [info] > git rev-parse --show-toplevel [55ms]
2023-01-16 14:14:26.550 [info] > git rev-parse --git-dir --git-common-dir [1ms]
2023-01-16 14:14:26.550 [info] Open repository: /home/robert/first_folder
2023-01-16 14:14:26.550 [info] > git config --get commit.template [1ms]
2023-01-16 14:14:26.550 [info] > git for-each-ref --format=%(refname)%00%(upstream:short)%00%(objectname)%00%(upstream:track)%00%(upstream:remotename)%00%(upstream:remoteref) refs/heads/main refs/remotes/main [1ms]
2023-01-16 14:14:26.550 [info] > git status -z -uall [10ms]
2023-01-16 14:14:26.550 [info] > git for-each-ref --sort -committerdate --format %(refname) %(objectname) %(*objectname) [1ms]
2023-01-16 14:14:26.550 [info] > git config --get commit.template [36ms]
2023-01-16 14:14:26.550 [info] > git for-each-ref --format=%(refname)%00%(upstream:short)%00%(objectname)%00%(upstream:track)%00%(upstream:remotename)%00%(upstream:remoteref) refs/heads/main refs/remotes/main [5ms]
2023-01-16 14:14:26.550 [info] > git status -z -uall [7ms]
2023-01-16 14:14:26.550 [info] > git for-each-ref --sort -committerdate --format %(refname) %(objectname) %(*objectname) [4ms]
2023-01-16 14:14:26.863 [info] > git show --textconv :j.html [4ms]
2023-01-16 14:14:26.863 [info] > git ls-files --stage -- /home/robert/first_folder/j.html [1ms]
2023-01-16 14:14:26.866 [info] > git cat-file -s 448ad9e0fa403cc3988c71ce3faa6d538fbbdc5a [0ms]
2023-01-16 14:14:27.028 [info] > git check-ignore -v -z --stdin [1ms]
2023-01-16 14:14:27.159 [info] > git show --textconv :k.html [3ms]
2023-01-16 14:14:27.159 [info] > git ls-files --stage -- /home/robert/first_folder/k.html [1ms]
2023-01-16 14:14:48.153 [info] > git ls-files --stage -- /home/robert/first_folder/j.html [3ms]
2023-01-16 14:14:48.156 [info] > git config --get commit.template [10ms]
2023-01-16 14:14:48.160 [info] > git cat-file -s 448ad9e0fa403cc3988c71ce3faa6d538fbbdc5a [4ms]
2023-01-16 14:14:48.160 [info] > git ls-files --stage -- /home/robert/first_folder/k.html [8ms]
2023-01-16 14:14:48.163 [info] > git for-each-ref --format=%(refname)%00%(upstream:short)%00%(objectname)%00%(upstream:track)%00%(upstream:remotename)%00%(upstream:remoteref) refs/heads/main refs/remotes/main [4ms]
2023-01-16 14:14:48.187 [info] > git status -z -uall [17ms]
2023-01-16 14:14:48.187 [info] > git cat-file -s e69de29bb2d1d6434b8b29ae775ad8c2e48c5391 [24ms]
2023-01-16 14:14:48.188 [info] > git show --textconv :j.html [2ms]
2023-01-16 14:14:48.189 [info] > git for-each-ref --sort -committerdate --format %(refname) %(objectname) %(*objectname) [12ms]
2023-01-16 14:14:48.202 [info] > git show --textconv :k.html [1ms]
2023-01-16 14:14:58.589 [info] > git config --get commit.template [1ms]
2023-01-16 14:14:58.592 [info] > git for-each-ref --format=%(refname)%00%(upstream:short)%00%(objectname)%00%(upstream:track)%00%(upstream:remotename)%00%(upstream:remoteref) refs/heads/main refs/remotes/main [1ms]
2023-01-16 14:14:58.597 [info] > git status -z -uall [2ms]
2023-01-16 14:14:58.598 [info] > git for-each-ref --sort -committerdate --format %(refname) %(objectname) %(*objectname) [1ms]
2023-01-16 14:15:29.138 [info] > git config --get commit.template [1ms]
2023-01-16 14:15:29.149 [info] > git ls-files --stage -- /home/robert/first_folder/j.html [4ms]
2023-01-16 14:15:29.151 [info] > git for-each-ref --format=%(refname)%00%(upstream:short)%00%(objectname)%00%(upstream:track)%00%(upstream:remotename)%00%(upstream:remoteref) refs/heads/main refs/remotes/main [10ms]
2023-01-16 14:15:29.157 [info] > git status -z -uall [3ms]
2023-01-16 14:15:29.157 [info] > git cat-file -s 448ad9e0fa403cc3988c71ce3faa6d538fbbdc5a [6ms]
2023-01-16 14:15:29.158 [info] > git ls-files --stage -- /home/robert/first_folder/k.html [9ms]
2023-01-16 14:15:29.161 [info] > git for-each-ref --sort -committerdate --format %(refname) %(objectname) %(*objectname) [5ms]
2023-01-16 14:15:29.162 [info] > git cat-file -s 448ad9e0fa403cc3988c71ce3faa6d538fbbdc5a [2ms]
2023-01-16 14:15:29.167 [info] > git show --textconv :j.html [1ms]
2023-01-16 14:15:29.174 [info] > git show --textconv :k.html [1ms]
2023-01-16 14:18:42.670 [info] > git log --format=%H%n%aN%n%aE%n%at%n%ct%n%P%n%D%n%B -z -n120 -- /home/robert/first_folder/k.html [1ms]
2023-01-16 14:18:42.670 [info] fatal: your current branch 'main' does not have any commits yet
